expo-doctor: v1.18.18
env: load .env
env: export DATABASE_URL EXPO_PUBLIC_PROJECT_ID EXPO_PUBLIC_RORK_API_BASE_URL EXPO_PUBLIC_RORK_AUTH_URL EXPO_PUBLIC_RORK_TOOLKIT_SECRET_KEY EXPO_PUBLIC_TEAM_ID EXPO_PUBLIC_TOOLKIT_URL SMTP_FROM SMTP_HOST SMTP_PASSWORD SMTP_PORT SMTP_SECURE SMTP_USER
Running 17 checks on your project...
✔ Check package.json for common issues
✔ Check Expo config for common issues
✔ Check if the project meets version requirements for submission to app stores
✔ Check for lock file
✔ Check dependencies for packages that should not be installed directly
✔ Check for app config fields that may not be synced in a non-CNG project
✔ Check for issues with Metro config
✔ Check npm/yarn versions
✔ Check native tooling versions
✔ Check that native modules do not use incompatible support packages
✔ Check for common project setup issues
✔ Check for legacy global CLI installed locally
✔ Check Expo config (app.json/ app.config.js) schema
✔ Check that required peer dependencies are installed
✔ Check that packages match versions required by installed Expo SDK
✔ Check that no duplicate dependencies are installed
✔ Validate packages against React Native Directory package metadata

17/17 checks passed. No issues detected!
